2022-02-04 09:14.21.814 [INFO] [restartedMain] [c.b.u.UserRegistrationApplication:55] Starting UserRegistrationApplication using Java 15.0.2 on DESKTOP-F8A42Q9 with PID 17152 (C:\Users\VICKY\Desktop\BookStoreCFP\UserRegistration\target\classes started by VICKY in C:\Users\VICKY\Desktop\BookStoreCFP\UserRegistration)
2022-02-04 09:14.21.815 [DEBUG] [restartedMain] [c.b.u.UserRegistrationApplication:56] Running with Spring Boot v2.6.3, Spring v5.3.15
2022-02-04 09:14.21.816 [INFO] [restartedMain] [c.b.u.UserRegistrationApplication:641] The following profiles are active: PROD
2022-02-04 09:14.25.338 [INFO] [restartedMain] [o.s.d.r.c.RepositoryConfigurationDelegate:132] Bootstrapping Spring Data JPA repositories in DEFAULT mode.
2022-02-04 09:14.25.411 [INFO] [restartedMain] [o.s.d.r.c.RepositoryConfigurationDelegate:201] Finished Spring Data repository scanning in 53 ms. Found 1 JPA repository interfaces.
2022-02-04 09:14.27.320 [INFO] [restartedMain] [o.s.b.w.e.t.TomcatWebServer:108] Tomcat initialized with port(s): 8080 (http)
2022-02-04 09:14.27.322 [INFO] [restartedMain] [o.a.c.c.StandardService:173] Starting service [Tomcat]
2022-02-04 09:14.27.323 [INFO] [restartedMain] [o.a.c.c.StandardEngine:173] Starting Servlet engine: [Apache Tomcat/9.0.56]
2022-02-04 09:14.27.519 [INFO] [restartedMain] [o.a.c.c.C.[.[.[/]:173] Initializing Spring embedded WebApplicationContext
2022-02-04 09:14.27.520 [INFO] [restartedMain] [o.s.b.w.s.c.ServletWebServerApplicationContext:290] Root WebApplicationContext: initialization completed in 4688 ms
2022-02-04 09:14.28.451 [INFO] [restartedMain] [c.z.h.HikariDataSource:110] HikariPool-2 - Starting...
2022-02-04 09:14.28.617 [INFO] [restartedMain] [c.z.h.HikariDataSource:123] HikariPool-2 - Start completed.
2022-02-04 09:14.31.122 [INFO] [restartedMain] [o.s.o.j.LocalContainerEntityManagerFactoryBean:437] Initialized JPA EntityManagerFactory for persistence unit 'default'
2022-02-04 09:14.31.879 [WARN] [restartedMain] [o.s.b.a.o.j.JpaBaseConfiguration$JpaWebConfiguration:219] spring.jpa.open-in-view is enabled by default. Therefore, database queries may be performed during view rendering. Explicitly configure spring.jpa.open-in-view to disable this warning
2022-02-04 09:14.33.122 [INFO] [restartedMain] [o.s.b.d.a.OptionalLiveReloadServer:58] LiveReload server is running on port 35729
2022-02-04 09:14.33.148 [INFO] [restartedMain] [o.s.b.w.e.t.TomcatWebServer:220] Tomcat started on port(s): 8080 (http) with context path ''
2022-02-04 09:14.33.204 [INFO] [restartedMain] [c.b.u.UserRegistrationApplication:61] Started UserRegistrationApplication in 11.93 seconds (JVM running for 45.018)
2022-02-04 09:14.33.230 [INFO] [restartedMain] [o.s.b.d.a.ConditionEvaluationDeltaLoggingListener:63] Condition evaluation unchanged
2022-02-04 09:14.33.232 [INFO] [restartedMain] [c.b.u.UserRegistrationApplication:15] User registration app Started in PROD Environment...!
2022-02-04 09:14.33.233 [INFO] [restartedMain] [c.b.u.UserRegistrationApplication:17] User registration DataBase User Is cfpbookstore.
2022-02-04 09:14.40.45 [INFO] [Thread-7] [o.s.o.j.LocalContainerEntityManagerFactoryBean:651] Closing JPA EntityManagerFactory for persistence unit 'default'
2022-02-04 09:14.40.49 [INFO] [Thread-7] [c.z.h.HikariDataSource:350] HikariPool-2 - Shutdown initiated...
2022-02-04 09:14.40.90 [INFO] [Thread-7] [c.z.h.HikariDataSource:352] HikariPool-2 - Shutdown completed.
2022-02-04 09:14.57.101 [INFO] [restartedMain] [c.b.u.UserRegistrationApplication:55] Starting UserRegistrationApplication using Java 15.0.2 on DESKTOP-F8A42Q9 with PID 17152 (C:\Users\VICKY\Desktop\BookStoreCFP\UserRegistration\target\classes started by VICKY in C:\Users\VICKY\Desktop\BookStoreCFP\UserRegistration)
2022-02-04 09:14.57.102 [DEBUG] [restartedMain] [c.b.u.UserRegistrationApplication:56] Running with Spring Boot v2.6.3, Spring v5.3.15
2022-02-04 09:14.57.103 [INFO] [restartedMain] [c.b.u.UserRegistrationApplication:641] The following profiles are active: PROD
2022-02-04 09:14.58.65 [INFO] [restartedMain] [o.s.d.r.c.RepositoryConfigurationDelegate:132] Bootstrapping Spring Data JPA repositories in DEFAULT mode.
2022-02-04 09:14.58.131 [INFO] [restartedMain] [o.s.d.r.c.RepositoryConfigurationDelegate:201] Finished Spring Data repository scanning in 64 ms. Found 1 JPA repository interfaces.
2022-02-04 09:14.58.463 [INFO] [restartedMain] [o.s.b.w.e.t.TomcatWebServer:108] Tomcat initialized with port(s): 8080 (http)
2022-02-04 09:14.58.466 [INFO] [restartedMain] [o.a.c.c.StandardService:173] Starting service [Tomcat]
2022-02-04 09:14.58.477 [INFO] [restartedMain] [o.a.c.c.StandardEngine:173] Starting Servlet engine: [Apache Tomcat/9.0.56]
2022-02-04 09:14.58.572 [INFO] [restartedMain] [o.a.c.c.C.[.[.[/]:173] Initializing Spring embedded WebApplicationContext
2022-02-04 09:14.58.573 [INFO] [restartedMain] [o.s.b.w.s.c.ServletWebServerApplicationContext:290] Root WebApplicationContext: initialization completed in 1437 ms
2022-02-04 09:14.58.795 [INFO] [restartedMain] [c.z.h.HikariDataSource:110] HikariPool-4 - Starting...
2022-02-04 09:14.58.851 [INFO] [restartedMain] [c.z.h.HikariDataSource:123] HikariPool-4 - Start completed.
2022-02-04 09:14.59.41 [INFO] [restartedMain] [o.s.o.j.LocalContainerEntityManagerFactoryBean:437] Initialized JPA EntityManagerFactory for persistence unit 'default'
2022-02-04 09:14.59.644 [WARN] [restartedMain] [o.s.b.a.o.j.JpaBaseConfiguration$JpaWebConfiguration:219] spring.jpa.open-in-view is enabled by default. Therefore, database queries may be performed during view rendering. Explicitly configure spring.jpa.open-in-view to disable this warning
2022-02-04 09:14.59.934 [INFO] [restartedMain] [o.s.b.d.a.OptionalLiveReloadServer:58] LiveReload server is running on port 35729
2022-02-04 09:14.59.964 [INFO] [restartedMain] [o.s.b.w.e.t.TomcatWebServer:220] Tomcat started on port(s): 8080 (http) with context path ''
2022-02-04 09:14.59.970 [INFO] [restartedMain] [c.b.u.UserRegistrationApplication:61] Started UserRegistrationApplication in 3.65 seconds (JVM running for 71.784)
2022-02-04 09:14.59.972 [INFO] [restartedMain] [o.s.b.d.a.ConditionEvaluationDeltaLoggingListener:63] Condition evaluation unchanged
2022-02-04 09:14.59.975 [INFO] [restartedMain] [c.b.u.UserRegistrationApplication:15] User registration app Started in PROD Environment...!
2022-02-04 09:14.59.976 [INFO] [restartedMain] [c.b.u.UserRegistrationApplication:17] User registration DataBase User Is cfpbookstore.
2022-02-04 09:15.05.01 [INFO] [Thread-15] [o.s.o.j.LocalContainerEntityManagerFactoryBean:651] Closing JPA EntityManagerFactory for persistence unit 'default'
2022-02-04 09:15.05.08 [INFO] [Thread-15] [c.z.h.HikariDataSource:350] HikariPool-4 - Shutdown initiated...
2022-02-04 09:15.05.67 [INFO] [Thread-15] [c.z.h.HikariDataSource:352] HikariPool-4 - Shutdown completed.
2022-02-04 09:15.37.150 [INFO] [restartedMain] [c.b.u.UserRegistrationApplication:55] Starting UserRegistrationApplication using Java 15.0.2 on DESKTOP-F8A42Q9 with PID 17152 (C:\Users\VICKY\Desktop\BookStoreCFP\UserRegistration\target\classes started by VICKY in C:\Users\VICKY\Desktop\BookStoreCFP\UserRegistration)
2022-02-04 09:15.37.153 [DEBUG] [restartedMain] [c.b.u.UserRegistrationApplication:56] Running with Spring Boot v2.6.3, Spring v5.3.15
2022-02-04 09:15.37.154 [INFO] [restartedMain] [c.b.u.UserRegistrationApplication:641] The following profiles are active: PROD
2022-02-04 09:15.38.30 [INFO] [restartedMain] [o.s.d.r.c.RepositoryConfigurationDelegate:132] Bootstrapping Spring Data JPA repositories in DEFAULT mode.
2022-02-04 09:15.38.80 [INFO] [restartedMain] [o.s.d.r.c.RepositoryConfigurationDelegate:201] Finished Spring Data repository scanning in 47 ms. Found 1 JPA repository interfaces.
2022-02-04 09:15.38.521 [INFO] [restartedMain] [o.s.b.w.e.t.TomcatWebServer:108] Tomcat initialized with port(s): 8080 (http)
2022-02-04 09:15.38.525 [INFO] [restartedMain] [o.a.c.c.StandardService:173] Starting service [Tomcat]
2022-02-04 09:15.38.527 [INFO] [restartedMain] [o.a.c.c.StandardEngine:173] Starting Servlet engine: [Apache Tomcat/9.0.56]
2022-02-04 09:15.38.628 [INFO] [restartedMain] [o.a.c.c.C.[.[.[/]:173] Initializing Spring embedded WebApplicationContext
2022-02-04 09:15.38.629 [INFO] [restartedMain] [o.s.b.w.s.c.ServletWebServerApplicationContext:290] Root WebApplicationContext: initialization completed in 1462 ms
2022-02-04 09:15.38.768 [INFO] [restartedMain] [c.z.h.HikariDataSource:110] HikariPool-6 - Starting...
2022-02-04 09:15.38.857 [INFO] [restartedMain] [c.z.h.HikariDataSource:123] HikariPool-6 - Start completed.
2022-02-04 09:15.39.99 [INFO] [restartedMain] [o.s.o.j.LocalContainerEntityManagerFactoryBean:437] Initialized JPA EntityManagerFactory for persistence unit 'default'
2022-02-04 09:15.39.692 [WARN] [restartedMain] [o.s.b.a.o.j.JpaBaseConfiguration$JpaWebConfiguration:219] spring.jpa.open-in-view is enabled by default. Therefore, database queries may be performed during view rendering. Explicitly configure spring.jpa.open-in-view to disable this warning
2022-02-04 09:15.40.287 [INFO] [restartedMain] [o.s.b.d.a.OptionalLiveReloadServer:58] LiveReload server is running on port 35729
2022-02-04 09:15.40.315 [INFO] [restartedMain] [o.s.b.w.e.t.TomcatWebServer:220] Tomcat started on port(s): 8080 (http) with context path ''
2022-02-04 09:15.40.325 [INFO] [restartedMain] [c.b.u.UserRegistrationApplication:61] Started UserRegistrationApplication in 3.355 seconds (JVM running for 112.14)
2022-02-04 09:15.40.334 [INFO] [restartedMain] [o.s.b.d.a.ConditionEvaluationDeltaLoggingListener:63] Condition evaluation unchanged
2022-02-04 09:15.40.340 [INFO] [restartedMain] [c.b.u.UserRegistrationApplication:15] User registration app Started in PROD Environment...!
2022-02-04 09:15.40.342 [INFO] [restartedMain] [c.b.u.UserRegistrationApplication:17] User registration DataBase User Is cfpbookstore.
2022-02-04 09:15.56.856 [INFO] [Thread-23] [o.s.o.j.LocalContainerEntityManagerFactoryBean:651] Closing JPA EntityManagerFactory for persistence unit 'default'
2022-02-04 09:15.56.859 [INFO] [Thread-23] [c.z.h.HikariDataSource:350] HikariPool-6 - Shutdown initiated...
2022-02-04 09:15.56.900 [INFO] [Thread-23] [c.z.h.HikariDataSource:352] HikariPool-6 - Shutdown completed.
